Base path: /Applications/Unity/Unity.app/Contents
Pipe name: \\.\pipe\UnityShaderCompiler-64bit-1-1909617408
Cmd: getPlatforms
Cmd: preprocess
  insize=9628 outsize=2293 ok=1
Cmd: compileSnippet
  api=0 type=0 insize=6977 outsize=991 kw= pd= ok=1
Cmd: compileSnippet
  api=0 type=1 insize=6977 outsize=6 kw= pd= ok=1
Cmd: compileSnippet
  api=0 type=0 insize=6972 outsize=1788 kw= pd= ok=1
Cmd: compileSnippet
  api=0 type=1 insize=6972 outsize=6 kw= pd= ok=1
Cmd: compileSnippet
  api=0 type=0 insize=6972 outsize=967 kw= pd= ok=1
Cmd: compileSnippet
  api=0 type=1 insize=6972 outsize=6 kw= pd= ok=1
Cmd: compileSnippet
  api=0 type=0 insize=6979 outsize=897 kw= pd= ok=1
Cmd: compileSnippet
  api=0 type=1 insize=6979 outsize=6 kw= pd= ok=1
Cmd: compileSnippet
  api=0 type=0 insize=6974 outsize=1155 kw= pd= ok=1
Cmd: compileSnippet
  api=0 type=1 insize=6974 outsize=6 kw= pd= ok=1
Cmd: compileSnippet
  api=0 type=0 insize=6974 outsize=681 kw= pd= ok=1
Cmd: compileSnippet
  api=0 type=1 insize=6974 outsize=6 kw= pd= ok=1
Cmd: compileSnippet
  api=0 type=0 insize=6983 outsize=863 kw= pd= ok=1
Cmd: compileSnippet
  api=0 type=1 insize=6983 outsize=6 kw= pd= ok=1
Cmd: compileSnippet
  api=0 type=0 insize=6988 outsize=633 kw= pd= ok=1
Cmd: compileSnippet
  api=0 type=1 insize=6988 outsize=6 kw= pd= ok=1
Cmd: compileSnippet
  api=0 type=0 insize=6981 outsize=427 kw= pd= ok=1
Cmd: compileSnippet
  api=0 type=1 insize=6981 outsize=6 kw= pd= ok=1
Cmd: compileSnippet
  api=0 type=0 insize=6979 outsize=986 kw= pd= ok=1
Cmd: compileSnippet
  api=0 type=1 insize=6979 outsize=6 kw= pd= ok=1
Cmd: compileSnippet
  api=0 type=0 insize=6986 outsize=1044 kw= pd= ok=1
Cmd: compileSnippet
  api=0 type=1 insize=6986 outsize=6 kw= pd= ok=1
Cmd: preprocess
  insize=11084 outsize=718 ok=1
Cmd: compileSnippet
  api=0 type=0 insize=10527 outsize=892 kw= pd= ok=1
Cmd: compileSnippet
  api=0 type=1 insize=10527 outsize=6 kw= pd= ok=1
Cmd: compileSnippet
  api=0 type=0 insize=10549 outsize=6151 kw= pd= ok=1
Cmd: compileSnippet
  api=0 type=1 insize=10549 outsize=6 kw= pd= ok=1
Cmd: compileSnippet
  api=0 type=0 insize=10548 outsize=6145 kw= pd= ok=1
Cmd: compileSnippet
  api=0 type=1 insize=10548 outsize=6 kw= pd= ok=1
Cmd: preprocess
  insize=4203 outsize=523 ok=1
Cmd: compileSnippet
  api=0 type=0 insize=3977 outsize=2115 kw= pd= ok=1
Cmd: compileSnippet
  api=0 type=1 insize=3977 outsize=6 kw= pd= ok=1
Cmd: compileSnippet
  api=0 type=0 insize=3981 outsize=2191 kw= pd= ok=1
Cmd: compileSnippet
  api=0 type=1 insize=3981 outsize=6 kw= pd= ok=1
Cmd: preprocess
  insize=1685 outsize=352 ok=1
Cmd: compileSnippet
  api=0 type=0 insize=1635 outsize=1565 kw= pd= ok=1
Cmd: compileSnippet
  api=0 type=1 insize=1635 outsize=6 kw= pd= ok=1
Cmd: preprocess
  insize=919 outsize=355 ok=1
Cmd: compileSnippet
  api=0 type=0 insize=869 outsize=745 kw= pd= ok=1
Cmd: compileSnippet
  api=0 type=1 insize=869 outsize=6 kw= pd= ok=1
Cmd: preprocess
  insize=1006 outsize=316 ok=1
Cmd: compileSnippet
  api=0 type=0 insize=995 outsize=634 kw= pd= ok=1
Cmd: compileSnippet
  api=0 type=1 insize=995 outsize=6 kw= pd= ok=1
Cmd: preprocess
  insize=1989 outsize=486 ok=1
Cmd: compileSnippet
  api=0 type=0 insize=1805 outsize=861 kw= pd= ok=1
Cmd: compileSnippet
  api=0 type=1 insize=1805 outsize=6 kw= pd= ok=1
Cmd: preprocess
  insize=1284 outsize=412 ok=1
Cmd: compileSnippet
  api=0 type=0 insize=1177 outsize=819 kw= pd= ok=1
Cmd: compileSnippet
  api=0 type=1 insize=1177 outsize=6 kw= pd= ok=1
Cmd: preprocess
  insize=1546 outsize=457 ok=1
Cmd: compileSnippet
  api=0 type=0 insize=1377 outsize=343 kw= pd= ok=1
Cmd: compileSnippet
  api=0 type=1 insize=1377 outsize=6 kw= pd= ok=1
Cmd: compileSnippet
  api=0 type=0 insize=1367 outsize=672 kw= pd= ok=1
Cmd: compileSnippet
  api=0 type=1 insize=1367 outsize=6 kw= pd= ok=1
Cmd: preprocess
  insize=1183 outsize=296 ok=1
Cmd: compileSnippet
  api=0 type=0 insize=1189 outsize=1394 kw= pd= ok=1
Cmd: compileSnippet
  api=0 type=1 insize=1189 outsize=6 kw= pd= ok=1
Cmd: preprocess
  insize=1116 outsize=407 ok=1
Cmd: compileSnippet
  api=0 type=0 insize=1012 outsize=852 kw= pd= ok=1
Cmd: compileSnippet
  api=0 type=1 insize=1012 outsize=6 kw= pd= ok=1
Cmd: preprocess
  insize=6870 outsize=844 ok=1
Cmd: compileSnippet
  error: 2 plat 0 at frag_ao.cginc(2): ']' : syntax error syntax error\nCompiling Vertex program
  api=0 type=0 insize=1903 outsize=0 kw= pd= ok=0
Cmd: preprocess
  insize=1192 outsize=314 ok=1
Cmd: compileSnippet
  api=0 type=0 insize=1183 outsize=1087 kw= pd= ok=1
Cmd: compileSnippet
  api=0 type=1 insize=1183 outsize=6 kw= pd= ok=1
Cmd: preprocess
  insize=2671 outsize=773 ok=1
Cmd: compileSnippet
  api=0 type=0 insize=2000 outsize=642 kw= pd= ok=1
Cmd: compileSnippet
  api=0 type=1 insize=2000 outsize=6 kw= pd= ok=1
Cmd: compileSnippet
  api=0 type=0 insize=1997 outsize=592 kw= pd= ok=1
Cmd: compileSnippet
  api=0 type=1 insize=1997 outsize=6 kw= pd= ok=1
Cmd: compileSnippet
  api=0 type=0 insize=2010 outsize=1119 kw= pd= ok=1
Cmd: compileSnippet
  api=0 type=1 insize=2010 outsize=6 kw= pd= ok=1
Cmd: compileSnippet
  api=0 type=0 insize=2009 outsize=519 kw= pd= ok=1
Cmd: compileSnippet
  api=0 type=1 insize=2009 outsize=6 kw= pd= ok=1
Cmd: preprocess
  insize=968 outsize=305 ok=1
Cmd: compileSnippet
  api=0 type=0 insize=968 outsize=504 kw= pd= ok=1
Cmd: compileSnippet
  api=0 type=1 insize=968 outsize=6 kw= pd= ok=1
Cmd: preprocess
  insize=1377 outsize=384 ok=1
Cmd: compileSnippet
  api=0 type=0 insize=1295 outsize=1323 kw= pd= ok=1
Cmd: compileSnippet
  api=0 type=1 insize=1295 outsize=6 kw= pd= ok=1
Cmd: preprocess
  insize=1437 outsize=347 ok=1
Cmd: compileSnippet
  api=0 type=0 insize=1396 outsize=1186 kw= pd= ok=1
Cmd: compileSnippet
  api=0 type=1 insize=1396 outsize=6 kw= pd= ok=1
Cmd: preprocess
  insize=1709 outsize=728 ok=1
Cmd: compileSnippet
  api=0 type=0 insize=1287 outsize=1194 kw= pd= ok=1
Cmd: compileSnippet
  api=0 type=1 insize=1287 outsize=6 kw= pd= ok=1
Cmd: preprocess
  insize=1403 outsize=346 ok=1
Cmd: compileSnippet
  api=0 type=0 insize=1359 outsize=1259 kw= pd= ok=1
Cmd: compileSnippet
  api=0 type=1 insize=1359 outsize=6 kw= pd= ok=1
Cmd: preprocess
  insize=1116 outsize=325 ok=1
Cmd: compileSnippet
  api=0 type=0 insize=1096 outsize=691 kw= pd= ok=1
Cmd: compileSnippet
  api=0 type=1 insize=1096 outsize=6 kw= pd= ok=1
Cmd: preprocess
  insize=2165 outsize=644 ok=1
Cmd: compileSnippet
  api=0 type=0 insize=1827 outsize=1793 kw= pd= ok=1
Cmd: compileSnippet
  api=0 type=1 insize=1827 outsize=6 kw= pd= ok=1
Cmd: preprocess
  insize=965 outsize=271 ok=1
Cmd: compileSnippet
  api=0 type=0 insize=994 outsize=713 kw= pd= ok=1
Cmd: compileSnippet
  api=0 type=1 insize=994 outsize=6 kw= pd= ok=1
Cmd: preprocess
  insize=790 outsize=320 ok=1
Cmd: compileSnippet
  api=0 type=0 insize=772 outsize=641 kw= pd= ok=1
Cmd: compileSnippet
  api=0 type=1 insize=772 outsize=6 kw= pd= ok=1
Cmd: preprocess
  insize=32615 outsize=273 ok=1
Cmd: compileSnippet
  api=0 type=0 insize=32644 outsize=8930 kw= pd= ok=1
Cmd: compileSnippet
  api=0 type=1 insize=32644 outsize=6 kw= pd= ok=1
Cmd: preprocess
  insize=1216 outsize=260 ok=1
Cmd: compileSnippet
  api=0 type=0 insize=1258 outsize=1079 kw= pd= ok=1
Cmd: compileSnippet
  api=0 type=1 insize=1258 outsize=6 kw= pd= ok=1
Cmd: preprocess
  insize=3375 outsize=706 ok=1
Cmd: compileSnippet
  api=0 type=0 insize=2803 outsize=1465 kw= pd= ok=1
Cmd: compileSnippet
  api=0 type=1 insize=2803 outsize=6 kw= pd= ok=1
Cmd: compileSnippet
  api=0 type=0 insize=2794 outsize=1305 kw= pd= ok=1
Cmd: compileSnippet
  api=0 type=1 insize=2794 outsize=6 kw= pd= ok=1
Cmd: compileSnippet
  api=0 type=0 insize=2793 outsize=1280 kw= pd= ok=1
Cmd: compileSnippet
  api=0 type=1 insize=2793 outsize=6 kw= pd= ok=1
Cmd: compileSnippet
  api=0 type=0 insize=2805 outsize=1419 kw= pd= ok=1
Cmd: compileSnippet
  api=0 type=1 insize=2805 outsize=6 kw= pd= ok=1
Cmd: preprocess
  insize=1038 outsize=358 ok=1
Cmd: compileSnippet
  api=0 type=0 insize=985 outsize=664 kw= pd= ok=1
Cmd: compileSnippet
  api=0 type=1 insize=985 outsize=6 kw= pd= ok=1
Cmd: preprocess
  insize=2494 outsize=780 ok=1
Cmd: compileSnippet
  api=0 type=0 insize=1760 outsize=584 kw= pd= ok=1
Cmd: compileSnippet
  api=0 type=1 insize=1760 outsize=6 kw= pd= ok=1
Cmd: compileSnippet
  api=0 type=0 insize=1760 outsize=634 kw= pd= ok=1
Cmd: compileSnippet
  api=0 type=1 insize=1760 outsize=6 kw= pd= ok=1
Cmd: compileSnippet
  api=0 type=0 insize=1762 outsize=584 kw= pd= ok=1
Cmd: compileSnippet
  api=0 type=1 insize=1762 outsize=6 kw= pd= ok=1
Cmd: compileSnippet
  api=0 type=0 insize=1763 outsize=805 kw= pd= ok=1
Cmd: compileSnippet
  api=0 type=1 insize=1763 outsize=6 kw= pd= ok=1
Cmd: compileSnippet
  api=0 type=0 insize=1766 outsize=601 kw= pd= ok=1
Cmd: compileSnippet
  api=0 type=1 insize=1766 outsize=6 kw= pd= ok=1
Cmd: preprocess
  insize=7424 outsize=1104 ok=1
Cmd: compileSnippet
  api=0 type=0 insize=6107 outsize=897 kw= pd= ok=1
Cmd: compileSnippet
  api=0 type=1 insize=6107 outsize=6 kw= pd= ok=1
Cmd: compileSnippet
  api=0 type=0 insize=6110 outsize=534 kw= pd= ok=1
Cmd: compileSnippet
  api=0 type=1 insize=6110 outsize=6 kw= pd= ok=1
Cmd: compileSnippet
  api=0 type=0 insize=6119 outsize=1652 kw= pd= ok=1
Cmd: compileSnippet
  api=0 type=1 insize=6119 outsize=6 kw= pd= ok=1
Cmd: compileSnippet
  api=0 type=0 insize=6113 outsize=1339 kw= pd= ok=1
Cmd: compileSnippet
  api=0 type=1 insize=6113 outsize=6 kw= pd= ok=1
Cmd: compileSnippet
  api=0 type=0 insize=6110 outsize=571 kw= pd= ok=1
Cmd: compileSnippet
  api=0 type=1 insize=6110 outsize=6 kw= pd= ok=1
Cmd: compileSnippet
  api=0 type=0 insize=6114 outsize=960 kw= pd= ok=1
Cmd: compileSnippet
  api=0 type=1 insize=6114 outsize=6 kw= pd= ok=1
Cmd: compileSnippet
  api=0 type=0 insize=6118 outsize=2716 kw= pd= ok=1
Cmd: compileSnippet
  api=0 type=1 insize=6118 outsize=6 kw= pd= ok=1
Cmd: compileSnippet
  api=0 type=0 insize=6104 outsize=406 kw= pd= ok=1
Cmd: compileSnippet
  api=0 type=1 insize=6104 outsize=6 kw= pd= ok=1
Cmd: preprocess
  insize=977 outsize=438 ok=1
Cmd: compileSnippet
  api=0 type=0 insize=841 outsize=550 kw= pd= ok=1
Cmd: compileSnippet
  api=0 type=1 insize=841 outsize=6 kw= pd= ok=1
Cmd: preprocess
  insize=13919 outsize=2626 ok=1
Cmd: compileSnippet
  api=0 type=0 insize=10333 outsize=487 kw= pd= ok=1
Cmd: compileSnippet
  api=0 type=1 insize=10333 outsize=6 kw= pd= ok=1
Cmd: compileSnippet
  api=0 type=0 insize=10332 outsize=1072 kw= pd= ok=1
Cmd: compileSnippet
  api=0 type=1 insize=10332 outsize=6 kw= pd= ok=1
Cmd: compileSnippet
  api=0 type=0 insize=10332 outsize=979 kw= pd= ok=1
Cmd: compileSnippet
  api=0 type=1 insize=10332 outsize=6 kw= pd= ok=1
Cmd: compileSnippet
  api=0 type=0 insize=10314 outsize=782 kw= pd= ok=1
Cmd: compileSnippet
  api=0 type=1 insize=10314 outsize=6 kw= pd= ok=1
Cmd: compileSnippet
  api=0 type=0 insize=10333 outsize=706 kw= pd= ok=1
Cmd: compileSnippet
  api=0 type=1 insize=10333 outsize=6 kw= pd= ok=1
Cmd: compileSnippet
  api=0 type=0 insize=10314 outsize=836 kw= pd= ok=1
Cmd: compileSnippet
  api=0 type=1 insize=10314 outsize=6 kw= pd= ok=1
Cmd: compileSnippet
  api=0 type=0 insize=10359 outsize=1317 kw= pd= ok=1
Cmd: compileSnippet
  api=0 type=1 insize=10359 outsize=6 kw= pd= ok=1
Cmd: compileSnippet
  api=0 type=0 insize=10313 outsize=276 kw= pd= ok=1
Cmd: compileSnippet
  api=0 type=1 insize=10313 outsize=6 kw= pd= ok=1
Cmd: compileSnippet
  api=0 type=0 insize=10317 outsize=343 kw= pd= ok=1
Cmd: compileSnippet
  api=0 type=1 insize=10317 outsize=6 kw= pd= ok=1
Cmd: compileSnippet
  api=0 type=0 insize=10339 outsize=2806 kw= pd= ok=1
Cmd: compileSnippet
  api=0 type=1 insize=10339 outsize=6 kw= pd= ok=1
Cmd: compileSnippet
  api=0 type=0 insize=10333 outsize=2864 kw= pd= ok=1
Cmd: compileSnippet
  api=0 type=1 insize=10333 outsize=6 kw= pd= ok=1
Cmd: compileSnippet
  api=0 type=0 insize=10339 outsize=2806 kw= pd= ok=1
Cmd: compileSnippet
  api=0 type=1 insize=10339 outsize=6 kw= pd= ok=1
Cmd: preprocess
  insize=1950 outsize=490 ok=1
Cmd: compileSnippet
  api=0 type=0 insize=1736 outsize=1032 kw= pd= ok=1
Cmd: compileSnippet
  api=0 type=1 insize=1736 outsize=6 kw= pd= ok=1
Cmd: compileSnippet
  api=0 type=0 insize=1749 outsize=1157 kw= pd= ok=1
Cmd: compileSnippet
  api=0 type=1 insize=1749 outsize=6 kw= pd= ok=1
Cmd: preprocess
  insize=1604 outsize=301 ok=1
Cmd: compileSnippet
  api=0 type=0 insize=1607 outsize=1545 kw= pd= ok=1
Cmd: compileSnippet
  api=0 type=1 insize=1607 outsize=6 kw= pd= ok=1
Cmd: preprocess
  insize=569 outsize=569 ok=1
Cmd: preprocess
  insize=24592 outsize=3218 ok=1
Cmd: compileSnippet
  api=0 type=0 insize=20011 outsize=834 kw= pd= ok=1
Cmd: compileSnippet
  api=0 type=1 insize=20011 outsize=6 kw= pd= ok=1
Cmd: compileSnippet
  api=0 type=0 insize=20005 outsize=526 kw= pd= ok=1
Cmd: compileSnippet
  api=0 type=1 insize=20005 outsize=6 kw= pd= ok=1
Cmd: compileSnippet
  api=0 type=0 insize=20020 outsize=2338 kw= pd= ok=1
Cmd: compileSnippet
  api=0 type=1 insize=20020 outsize=6 kw= pd= ok=1
Cmd: compileSnippet
  api=0 type=0 insize=20005 outsize=834 kw= pd= ok=1
Cmd: compileSnippet
  api=0 type=1 insize=20005 outsize=6 kw= pd= ok=1
Cmd: compileSnippet
  api=0 type=0 insize=20015 outsize=821 kw= pd= ok=1
Cmd: compileSnippet
  api=0 type=1 insize=20015 outsize=6 kw= pd= ok=1
Cmd: compileSnippet
  api=0 type=0 insize=20014 outsize=2898 kw= pd= ok=1
Cmd: compileSnippet
  api=0 type=1 insize=20014 outsize=6 kw= pd= ok=1
Cmd: compileSnippet
  api=0 type=0 insize=19970 outsize=1088 kw= pd= ok=1
Cmd: compileSnippet
  api=0 type=1 insize=19970 outsize=6 kw= pd= ok=1
Cmd: compileSnippet
  api=0 type=0 insize=20008 outsize=777 kw= pd= ok=1
Cmd: compileSnippet
  api=0 type=1 insize=20008 outsize=6 kw= pd= ok=1
Cmd: compileSnippet
  api=0 type=0 insize=19976 outsize=687 kw= pd= ok=1
Cmd: compileSnippet
  api=0 type=1 insize=19976 outsize=6 kw= pd= ok=1
Cmd: compileSnippet
  api=0 type=0 insize=20013 outsize=2669 kw= pd= ok=1
Cmd: compileSnippet
  api=0 type=1 insize=20013 outsize=6 kw= pd= ok=1
Cmd: compileSnippet
  api=0 type=0 insize=20006 outsize=2059 kw= pd= ok=1
Cmd: compileSnippet
  api=0 type=1 insize=20006 outsize=6 kw= pd= ok=1
Cmd: compileSnippet
  api=0 type=0 insize=20009 outsize=2653 kw= pd= ok=1
Cmd: compileSnippet
  api=0 type=1 insize=20009 outsize=6 kw= pd= ok=1
Cmd: compileSnippet
  api=0 type=0 insize=20015 outsize=2916 kw= pd= ok=1
Cmd: compileSnippet
  api=0 type=1 insize=20015 outsize=6 kw= pd= ok=1
Cmd: compileSnippet
  api=0 type=0 insize=20012 outsize=2323 kw= pd= ok=1
Cmd: compileSnippet
  api=0 type=1 insize=20012 outsize=6 kw= pd= ok=1
Cmd: compileSnippet
  api=0 type=0 insize=20005 outsize=4301 kw= pd= ok=1
Cmd: compileSnippet
  api=0 type=1 insize=20005 outsize=6 kw= pd= ok=1
Cmd: compileSnippet
  api=0 type=0 insize=20010 outsize=4547 kw= pd= ok=1
Cmd: compileSnippet
  api=0 type=1 insize=20010 outsize=6 kw= pd= ok=1
Cmd: preprocess
  insize=2633 outsize=351 ok=1
Cmd: compileSnippet
  api=0 type=0 insize=2586 outsize=2241 kw= pd= ok=1
Cmd: compileSnippet
  api=0 type=1 insize=2586 outsize=6 kw= pd= ok=1
Cmd: preprocess
  error: 1 plat 18 at (84): Both vertex and fragment programs must be present in a CGPROGRAM. Excluding it from compilation.
  insize=2292 outsize=1220 ok=1
Cmd: compileSnippet
  api=0 type=0 insize=1310 outsize=1857 kw= pd= ok=1
Cmd: compileSnippet
  api=0 type=1 insize=1310 outsize=6 kw= pd= ok=1
Cmd: preprocess
  insize=1737 outsize=297 ok=1
Cmd: compileSnippet
  api=0 type=0 insize=1742 outsize=2683 kw= pd= ok=1
Cmd: compileSnippet
  api=0 type=1 insize=1742 outsize=6 kw= pd= ok=1
Cmd: preprocess
  insize=1026 outsize=351 ok=1
Cmd: compileSnippet
  api=0 type=0 insize=977 outsize=903 kw= pd= ok=1
Cmd: compileSnippet
  api=0 type=1 insize=977 outsize=6 kw= pd= ok=1
Cmd: preprocess
  insize=738 outsize=267 ok=1
Cmd: compileSnippet
  api=0 type=0 insize=771 outsize=564 kw= pd= ok=1
Cmd: compileSnippet
  api=0 type=1 insize=771 outsize=6 kw= pd= ok=1
Cmd: preprocess
  insize=5809 outsize=873 ok=1
Cmd: compileSnippet
  api=0 type=0 insize=4899 outsize=2118 kw= pd= ok=1
Cmd: compileSnippet
  api=0 type=1 insize=4899 outsize=6 kw= pd= ok=1
Cmd: compileSnippet
  api=0 type=0 insize=4901 outsize=1286 kw= pd= ok=1
Cmd: compileSnippet
  api=0 type=1 insize=4901 outsize=6 kw= pd= ok=1
Cmd: compileSnippet
  api=0 type=0 insize=4905 outsize=1320 kw= pd= ok=1
Cmd: compileSnippet
  api=0 type=1 insize=4905 outsize=6 kw= pd= ok=1
Cmd: compileSnippet
  api=0 type=0 insize=4914 outsize=713 kw= pd= ok=1
Cmd: compileSnippet
  api=0 type=1 insize=4914 outsize=6 kw= pd= ok=1
Cmd: compileSnippet
  api=0 type=0 insize=4895 outsize=2118 kw= pd= ok=1
Cmd: compileSnippet
  api=0 type=1 insize=4895 outsize=6 kw= pd= ok=1
Cmd: preprocess
  insize=586 outsize=360 ok=1
Cmd: compileSnippet
  api=0 type=0 insize=528 outsize=696 kw= pd= ok=1
Cmd: compileSnippet
  api=0 type=1 insize=528 outsize=6 kw= pd= ok=1
Cmd: preprocess
  insize=32625 outsize=273 ok=1
Cmd: compileSnippet
  api=0 type=0 insize=32654 outsize=8838 kw= pd= ok=1
Cmd: compileSnippet
  api=0 type=1 insize=32654 outsize=6 kw= pd= ok=1
Cmd: preprocess
  insize=5109 outsize=1741 ok=1
Cmd: compileSnippet
  api=0 type=0 insize=3672 outsize=4926 kw= pd= ok=1
Cmd: compileSnippet
  api=0 type=1 insize=3672 outsize=6 kw= pd= ok=1
Cmd: preprocess
  insize=6780 outsize=255 ok=1
Cmd: compileSnippet
  api=0 type=0 insize=6827 outsize=3141 kw= pd= ok=1
Cmd: compileSnippet
  api=0 type=1 insize=6827 outsize=6 kw= pd= ok=1
Cmd: preprocess
  insize=4425 outsize=555 ok=1
Cmd: compileSnippet
  api=0 type=0 insize=4130 outsize=4682 kw= pd= ok=1
Cmd: compileSnippet
  api=0 type=1 insize=4130 outsize=6 kw= pd= ok=1
Cmd: compileSnippet
  api=0 type=0 insize=4135 outsize=4113 kw= pd= ok=1
Cmd: compileSnippet
  api=0 type=1 insize=4135 outsize=6 kw= pd= ok=1
Cmd: preprocess
  insize=4869 outsize=1093 ok=1
Cmd: compileSnippet
  api=0 type=0 insize=3761 outsize=507 kw= pd= ok=1
Cmd: compileSnippet
  api=0 type=1 insize=3761 outsize=6 kw= pd= ok=1
Cmd: compileSnippet
  api=0 type=0 insize=3768 outsize=1126 kw= pd= ok=1
Cmd: compileSnippet
  api=0 type=1 insize=3768 outsize=6 kw= pd= ok=1
Cmd: compileSnippet
  api=0 type=0 insize=3766 outsize=1032 kw= pd= ok=1
Cmd: compileSnippet
  api=0 type=1 insize=3766 outsize=6 kw= pd= ok=1
Cmd: compileSnippet
  api=0 type=0 insize=3768 outsize=1157 kw= pd= ok=1
Cmd: compileSnippet
  api=0 type=1 insize=3768 outsize=6 kw= pd= ok=1
Cmd: compileSnippet
  api=0 type=0 insize=3758 outsize=475 kw= pd= ok=1
Cmd: compileSnippet
  api=0 type=1 insize=3758 outsize=6 kw= pd= ok=1
Cmd: preprocess
  insize=778 outsize=304 ok=1
Cmd: compileSnippet
  api=0 type=0 insize=776 outsize=348 kw= pd= ok=1
Cmd: compileSnippet
  api=0 type=1 insize=776 outsize=6 kw= pd= ok=1
Cmd: preprocess
  insize=721 outsize=317 ok=1
Cmd: compileSnippet
  api=0 type=0 insize=706 outsize=862 kw= pd= ok=1
Cmd: compileSnippet
  api=0 type=1 insize=706 outsize=6 kw= pd= ok=1
Cmd: preprocess
  insize=4076 outsize=684 ok=1
Cmd: compileSnippet
  api=0 type=0 insize=3418 outsize=510 kw= pd= ok=1
Cmd: compileSnippet
  api=0 type=1 insize=3418 outsize=6 kw= pd= ok=1
Cmd: compileSnippet
  api=0 type=0 insize=3425 outsize=1602 kw= pd= ok=1
Cmd: compileSnippet
  api=0 type=1 insize=3425 outsize=6 kw= pd= ok=1
Cmd: compileSnippet
  api=0 type=0 insize=3434 outsize=1905 kw= pd= ok=1
Cmd: compileSnippet
  api=0 type=1 insize=3434 outsize=6 kw= pd= ok=1
Cmd: compileSnippet
  api=0 type=0 insize=3429 outsize=2006 kw= pd= ok=1
Cmd: compileSnippet
  api=0 type=1 insize=3429 outsize=6 kw= pd= ok=1
Cmd: preprocess
  insize=883 outsize=301 ok=1
Cmd: compileSnippet
  api=0 type=0 insize=887 outsize=564 kw= pd= ok=1
Cmd: compileSnippet
  api=0 type=1 insize=887 outsize=6 kw= pd= ok=1
Cmd: preprocess
  insize=1339 outsize=296 ok=1
Cmd: compileSnippet
  api=0 type=0 insize=1347 outsize=1270 kw= pd= ok=1
Cmd: compileSnippet
  api=0 type=1 insize=1347 outsize=6 kw= pd= ok=1
Cmd: preprocess
  insize=2143 outsize=982 ok=1
Cmd: compileSnippet
  api=0 type=0 insize=905 outsize=504 kw= pd= ok=1
Cmd: compileSnippet
  api=0 type=1 insize=905 outsize=6 kw= pd= ok=1
Cmd: compileSnippet
  api=0 type=0 insize=860 outsize=403 kw= pd= ok=1
Cmd: compileSnippet
  api=0 type=1 insize=860 outsize=6 kw= pd= ok=1
Cmd: preprocess
  insize=1080 outsize=489 ok=1
Cmd: compileSnippet
  api=0 type=0 insize=893 outsize=846 kw= pd= ok=1
Cmd: compileSnippet
  api=0 type=1 insize=893 outsize=6 kw= pd= ok=1
Cmd: preprocess
  insize=1213 outsize=389 ok=1
Cmd: compileSnippet
  api=0 type=0 insize=1129 outsize=1126 kw= pd= ok=1
Cmd: compileSnippet
  api=0 type=1 insize=1129 outsize=6 kw= pd= ok=1
Cmd: preprocess
  insize=574 outsize=259 ok=1
Cmd: compileSnippet
  api=0 type=0 insize=617 outsize=208 kw= pd= ok=1
Cmd: compileSnippet
  api=0 type=1 insize=617 outsize=6 kw= pd= ok=1
Cmd: preprocess
  insize=724 outsize=315 ok=1
Cmd: compileSnippet
  api=0 type=0 insize=714 outsize=384 kw= pd= ok=1
Cmd: compileSnippet
  api=0 type=1 insize=714 outsize=6 kw= pd= ok=1
Cmd: preprocess
  insize=1727 outsize=682 ok=1
Cmd: compileSnippet
  api=0 type=0 insize=1346 outsize=1656 kw= pd= ok=1
Cmd: compileSnippet
  api=0 type=1 insize=1346 outsize=6 kw= pd= ok=1
Cmd: compileSnippet
  api=0 type=0 insize=541 outsize=1893 kw=SHADOWS_DEPTH pd= ok=1
Cmd: compileSnippet
  api=0 type=1 insize=541 outsize=6 kw=SHADOWS_DEPTH pd= ok=1
Cmd: compileSnippet
  api=0 type=0 insize=6924 outsize=2300 kw=DIRECTIONAL SHADOWS_OFF LIGHTMAP_OFF DIRLIGHTMAP_OFF DYNAMICLIGHTMAP_OFF pd= ok=1
Cmd: compileSnippet
  api=0 type=1 insize=6924 outsize=6 kw=DIRECTIONAL SHADOWS_OFF LIGHTMAP_OFF DIRLIGHTMAP_OFF DYNAMICLIGHTMAP_OFF pd= ok=1
Cmd: compileSnippet
  api=0 type=0 insize=3695 outsize=1489 kw=DIRECTIONAL pd= ok=1
Cmd: compileSnippet
  api=0 type=1 insize=3695 outsize=6 kw=DIRECTIONAL pd= ok=1
Cmd: compileSnippet
  api=0 type=0 insize=6845 outsize=2252 kw=DIRECTIONAL LIGHTMAP_OFF DIRLIGHTMAP_OFF DYNAMICLIGHTMAP_OFF pd= ok=1
Cmd: compileSnippet
  api=0 type=1 insize=6845 outsize=6 kw=DIRECTIONAL LIGHTMAP_OFF DIRLIGHTMAP_OFF DYNAMICLIGHTMAP_OFF pd= ok=1
Cmd: compileSnippet
  api=0 type=0 insize=3617 outsize=1441 kw=DIRECTIONAL pd= ok=1
Cmd: compileSnippet
  api=0 type=1 insize=3617 outsize=6 kw=DIRECTIONAL pd= ok=1
Cmd: compileSnippet
  api=0 type=0 insize=4023 outsize=1013 kw= pd= ok=1
Cmd: compileSnippet
  api=0 type=1 insize=4023 outsize=6 kw= pd= ok=1
Cmd: compileSnippet
  api=0 type=0 insize=7216 outsize=2528 kw=DIRECTIONAL SHADOWS_OFF LIGHTMAP_OFF DIRLIGHTMAP_OFF DYNAMICLIGHTMAP_OFF pd= ok=1
Cmd: compileSnippet
  api=0 type=1 insize=7216 outsize=6 kw=DIRECTIONAL SHADOWS_OFF LIGHTMAP_OFF DIRLIGHTMAP_OFF DYNAMICLIGHTMAP_OFF pd= ok=1
Cmd: compileSnippet
  api=0 type=0 insize=3830 outsize=1489 kw=DIRECTIONAL pd= ok=1
Cmd: compileSnippet
  api=0 type=1 insize=3830 outsize=6 kw=DIRECTIONAL pd= ok=1
Cmd: compileSnippet
  api=0 type=0 insize=13030 outsize=6315 kw=UNITY_COLORSPACE_GAMMA _SUNDISK_SIMPLE pd= ok=1
Cmd: compileSnippet
  api=0 type=1 insize=13030 outsize=6 kw=UNITY_COLORSPACE_GAMMA _SUNDISK_SIMPLE pd= ok=1
Cmd: compileSnippet
  api=0 type=0 insize=1275 outsize=2533 kw=DIRECTIONAL SHADOWS_OFF pd= ok=1
Cmd: compileSnippet
  api=0 type=1 insize=1275 outsize=6 kw=DIRECTIONAL SHADOWS_OFF pd= ok=1
Cmd: compileSnippet
  api=0 type=0 insize=2902 outsize=978 kw= pd= ok=1
Cmd: compileSnippet
  api=0 type=1 insize=2902 outsize=6 kw= pd= ok=1
Cmd: compileSnippet
  api=0 type=0 insize=1275 outsize=2781 kw=POINT SHADOWS_OFF pd= ok=1
Cmd: compileSnippet
  api=0 type=1 insize=1275 outsize=6 kw=POINT SHADOWS_OFF pd= ok=1
Cmd: compileSnippet
  api=0 type=0 insize=1275 outsize=2849 kw=DIRECTIONAL SHADOWS_SCREEN pd= ok=1
Cmd: compileSnippet
  api=0 type=1 insize=1275 outsize=6 kw=DIRECTIONAL SHADOWS_SCREEN pd= ok=1
Cmd: compileSnippet
  api=0 type=0 insize=5962 outsize=2688 kw=LIGHTMAP_OFF DIRLIGHTMAP_OFF DYNAMICLIGHTMAP_OFF HDR_LIGHT_PREPASS_OFF pd= ok=1
Cmd: compileSnippet
  api=0 type=1 insize=5962 outsize=6 kw=LIGHTMAP_OFF DIRLIGHTMAP_OFF DYNAMICLIGHTMAP_OFF HDR_LIGHT_PREPASS_OFF pd= ok=1
Cmd: compileSnippet
  api=0 type=0 insize=3037 outsize=978 kw= pd= ok=1
Cmd: compileSnippet
  api=0 type=1 insize=3037 outsize=6 kw= pd= ok=1
Cmd: compileSnippet
  api=0 type=0 insize=6247 outsize=2925 kw=LIGHTMAP_OFF DIRLIGHTMAP_OFF DYNAMICLIGHTMAP_OFF HDR_LIGHT_PREPASS_OFF pd= ok=1
Cmd: compileSnippet
  api=0 type=1 insize=6247 outsize=6 kw=LIGHTMAP_OFF DIRLIGHTMAP_OFF DYNAMICLIGHTMAP_OFF HDR_LIGHT_PREPASS_OFF pd= ok=1
Cmd: compileSnippet
  api=0 type=0 insize=6845 outsize=3488 kw=DIRECTIONAL LIGHTMAP_OFF DIRLIGHTMAP_OFF DYNAMICLIGHTMAP_OFF VERTEXLIGHT_ON pd= ok=1
Cmd: compileSnippet
  api=0 type=0 insize=3617 outsize=1772 kw=POINT pd= ok=1
Cmd: compileSnippet
  api=0 type=1 insize=3617 outsize=6 kw=POINT pd= ok=1
Cmd: compileSnippet
  api=0 type=0 insize=4023 outsize=1013 kw=POINT pd= ok=1
Cmd: compileSnippet
  api=0 type=1 insize=4023 outsize=6 kw=POINT pd= ok=1
Cmd: compileSnippet
  api=0 type=0 insize=6924 outsize=3536 kw=DIRECTIONAL SHADOWS_OFF LIGHTMAP_OFF DIRLIGHTMAP_OFF DYNAMICLIGHTMAP_OFF VERTEXLIGHT_ON pd= ok=1
Cmd: compileSnippet
  api=0 type=0 insize=1275 outsize=3543 kw=SPOT SHADOWS_DEPTH SHADOWS_NATIVE pd= ok=1
Cmd: compileSnippet
  api=0 type=1 insize=1275 outsize=6 kw=SPOT SHADOWS_DEPTH SHADOWS_NATIVE pd= ok=1
Cmd: compileSnippet
  api=0 type=0 insize=4023 outsize=1013 kw=SPOT pd= ok=1
Cmd: compileSnippet
  api=0 type=1 insize=4023 outsize=6 kw=SPOT pd= ok=1
Cmd: compileSnippet
  api=0 type=0 insize=3617 outsize=1911 kw=SPOT pd= ok=1
Cmd: compileSnippet
  api=0 type=1 insize=3617 outsize=6 kw=SPOT pd= ok=1
Cmd: preprocess
  insize=447 outsize=447 ok=1
Cmd: preprocess
  insize=1048 outsize=1039 ok=1
Cmd: compileSnippet
  api=0 type=0 insize=6892 outsize=2243 kw=DIRECTIONAL SHADOWS_OFF LIGHTMAP_OFF DIRLIGHTMAP_OFF DYNAMICLIGHTMAP_OFF pd= ok=1
Cmd: compileSnippet
  api=0 type=1 insize=6892 outsize=6 kw=DIRECTIONAL SHADOWS_OFF LIGHTMAP_OFF DIRLIGHTMAP_OFF DYNAMICLIGHTMAP_OFF pd= ok=1
Cmd: compileSnippet
  api=0 type=0 insize=3944 outsize=1813 kw=POINT pd= ok=1
Cmd: compileSnippet
  api=0 type=1 insize=3944 outsize=6 kw=POINT pd= ok=1
Cmd: compileSnippet
  api=0 type=0 insize=3411 outsize=2274 kw= pd= ok=1
Cmd: compileSnippet
  api=0 type=1 insize=3411 outsize=6 kw= pd= ok=1
Cmd: preprocess
  insize=840 outsize=355 ok=1
Cmd: compileSnippet
  api=0 type=0 insize=783 outsize=1202 kw=LEAP_FORMAT_IR pd= ok=1
Cmd: compileSnippet
  api=0 type=1 insize=783 outsize=6 kw=LEAP_FORMAT_IR pd= ok=1
Cmd: preprocess
  insize=2410 outsize=1760 ok=1
Cmd: compileSnippet
  api=0 type=0 insize=952 outsize=501 kw= pd= ok=1
Cmd: compileSnippet
  api=0 type=1 insize=952 outsize=6 kw= pd= ok=1
Cmd: preprocess
  insize=1138 outsize=481 ok=1
Cmd: compileSnippet
  api=0 type=0 insize=955 outsize=1459 kw=LEAP_FORMAT_IR pd= ok=1
Cmd: compileSnippet
  api=0 type=1 insize=955 outsize=6 kw=LEAP_FORMAT_IR pd= ok=1
Cmd: preprocess
  insize=1576 outsize=990 ok=1
Cmd: compileSnippet
  api=0 type=0 insize=867 outsize=769 kw= pd= ok=1
Cmd: compileSnippet
  api=0 type=1 insize=867 outsize=6 kw= pd= ok=1
Cmd: preprocess
  insize=3821 outsize=1112 ok=1
Cmd: compileSnippet
  api=0 type=0 insize=3028 outsize=1753 kw=LEAP_FORMAT_IR pd= ok=1
Cmd: compileSnippet
  api=0 type=1 insize=3028 outsize=6 kw=LEAP_FORMAT_IR pd= ok=1
Cmd: compileSnippet
  api=0 type=0 insize=3023 outsize=3363 kw=LEAP_FORMAT_IR pd= ok=1
Cmd: compileSnippet
  api=0 type=1 insize=3023 outsize=6 kw=LEAP_FORMAT_IR pd= ok=1
Cmd: preprocess
  insize=851 outsize=364 ok=1
Cmd: compileSnippet
  api=0 type=0 insize=786 outsize=1202 kw=LEAP_FORMAT_IR pd= ok=1
Cmd: compileSnippet
  api=0 type=1 insize=786 outsize=6 kw=LEAP_FORMAT_IR pd= ok=1
Cmd: preprocess
  insize=1445 outsize=1442 ok=1
Cmd: preprocess
  insize=815 outsize=355 ok=1
Cmd: compileSnippet
  api=0 type=0 insize=759 outsize=439 kw= pd= ok=1
Cmd: compileSnippet
  api=0 type=1 insize=759 outsize=6 kw= pd= ok=1
Cmd: preprocess
  insize=1500 outsize=667 ok=1
Cmd: compileSnippet
  api=0 type=0 insize=1135 outsize=819 kw= pd= ok=1
Cmd: compileSnippet
  api=0 type=1 insize=1135 outsize=6 kw= pd= ok=1
Cmd: preprocess
  insize=792 outsize=789 ok=1
Cmd: compileSnippet
  api=0 type=0 insize=7139 outsize=2704 kw=DIRECTIONAL SHADOWS_OFF LIGHTMAP_OFF DIRLIGHTMAP_OFF DYNAMICLIGHTMAP_OFF pd= ok=1
Cmd: compileSnippet
  api=0 type=1 insize=7139 outsize=6 kw=DIRECTIONAL SHADOWS_OFF LIGHTMAP_OFF DIRLIGHTMAP_OFF DYNAMICLIGHTMAP_OFF pd= ok=1
Cmd: compileSnippet
  api=0 type=0 insize=3868 outsize=1865 kw=DIRECTIONAL pd= ok=1
Cmd: compileSnippet
  api=0 type=1 insize=3868 outsize=6 kw=DIRECTIONAL pd= ok=1
Cmd: compileSnippet
  api=0 type=0 insize=751 outsize=1893 kw=SHADOWS_DEPTH pd= ok=1
Cmd: compileSnippet
  api=0 type=1 insize=751 outsize=6 kw=SHADOWS_DEPTH pd= ok=1
Cmd: compileSnippet
  api=0 type=0 insize=982 outsize=10119 kw=DIRECTIONAL SHADOWS_OFF LIGHTMAP_OFF DIRLIGHTMAP_OFF DYNAMICLIGHTMAP_OFF pd= ok=1
Cmd: compileSnippet
  api=0 type=1 insize=982 outsize=6 kw=DIRECTIONAL SHADOWS_OFF LIGHTMAP_OFF DIRLIGHTMAP_OFF DYNAMICLIGHTMAP_OFF pd= ok=1
Cmd: compileSnippet
  api=0 type=0 insize=938 outsize=5777 kw=DIRECTIONAL SHADOWS_OFF pd= ok=1
Cmd: compileSnippet
  api=0 type=1 insize=938 outsize=6 kw=DIRECTIONAL SHADOWS_OFF pd= ok=1
Cmd: compileSnippet
  api=0 type=0 insize=7321 outsize=3740 kw=DIRECTIONAL LIGHTMAP_OFF DIRLIGHTMAP_OFF DYNAMICLIGHTMAP_OFF pd= ok=1
Cmd: compileSnippet
  api=0 type=1 insize=7321 outsize=6 kw=DIRECTIONAL LIGHTMAP_OFF DIRLIGHTMAP_OFF DYNAMICLIGHTMAP_OFF pd= ok=1
Cmd: compileSnippet
  api=0 type=0 insize=4759 outsize=2863 kw=DIRECTIONAL pd= ok=1
Cmd: compileSnippet
  api=0 type=1 insize=4759 outsize=6 kw=DIRECTIONAL pd= ok=1
Cmd: compileSnippet
  api=0 type=0 insize=7666 outsize=4347 kw=DIRECTIONAL SHADOWS_OFF LIGHTMAP_OFF DIRLIGHTMAP_OFF DYNAMICLIGHTMAP_OFF pd= ok=1
Cmd: compileSnippet
  api=0 type=1 insize=7666 outsize=6 kw=DIRECTIONAL SHADOWS_OFF LIGHTMAP_OFF DIRLIGHTMAP_OFF DYNAMICLIGHTMAP_OFF pd= ok=1
Cmd: compileSnippet
  api=0 type=0 insize=5061 outsize=3282 kw=DIRECTIONAL pd= ok=1
Cmd: compileSnippet
  api=0 type=1 insize=5061 outsize=6 kw=DIRECTIONAL pd= ok=1
Cmd: compileSnippet
  api=0 type=0 insize=1420 outsize=1195 kw= pd= ok=1
Cmd: compileSnippet
  api=0 type=1 insize=1420 outsize=6 kw= pd= ok=1
Cmd: compileSnippet
  api=0 type=0 insize=4832 outsize=2713 kw= pd= ok=1
Cmd: compileSnippet
  api=0 type=1 insize=4832 outsize=6 kw= pd= ok=1
Cmd: compileSnippet
  api=0 type=0 insize=7987 outsize=4571 kw=DIRECTIONAL SHADOWS_OFF LIGHTMAP_OFF DIRLIGHTMAP_OFF DYNAMICLIGHTMAP_OFF pd= ok=1
Cmd: compileSnippet
  api=0 type=1 insize=7987 outsize=6 kw=DIRECTIONAL SHADOWS_OFF LIGHTMAP_OFF DIRLIGHTMAP_OFF DYNAMICLIGHTMAP_OFF pd= ok=1
Cmd: compileSnippet
  api=0 type=0 insize=5163 outsize=3297 kw=DIRECTIONAL pd= ok=1
Cmd: compileSnippet
  api=0 type=1 insize=5163 outsize=6 kw=DIRECTIONAL pd= ok=1
Cmd: compileSnippet
  api=0 type=0 insize=4027 outsize=1579 kw= pd= ok=1
Cmd: compileSnippet
  api=0 type=1 insize=4027 outsize=6 kw= pd= ok=1
Cmd: compileSnippet
  api=0 type=0 insize=3954 outsize=1375 kw= pd= ok=1
Cmd: compileSnippet
  api=0 type=1 insize=3954 outsize=6 kw= pd= ok=1
Cmd: compileSnippet
  api=0 type=0 insize=751 outsize=2382 kw=SHADOWS_DEPTH _ALPHABLEND_ON pd= ok=1
Cmd: compileSnippet
  api=0 type=1 insize=751 outsize=6 kw=SHADOWS_DEPTH _ALPHABLEND_ON pd= ok=1
Cmd: compileSnippet
  api=0 type=0 insize=982 outsize=10230 kw=DIRECTIONAL SHADOWS_OFF LIGHTMAP_OFF DIRLIGHTMAP_OFF DYNAMICLIGHTMAP_OFF _ALPHABLEND_ON pd= ok=1
Cmd: compileSnippet
  api=0 type=1 insize=982 outsize=6 kw=DIRECTIONAL SHADOWS_OFF LIGHTMAP_OFF DIRLIGHTMAP_OFF DYNAMICLIGHTMAP_OFF _ALPHABLEND_ON pd= ok=1
Cmd: compileSnippet
  api=0 type=0 insize=938 outsize=5842 kw=DIRECTIONAL SHADOWS_OFF _ALPHABLEND_ON pd= ok=1
Cmd: compileSnippet
  api=0 type=1 insize=938 outsize=6 kw=DIRECTIONAL SHADOWS_OFF _ALPHABLEND_ON pd= ok=1
Cmd: compileSnippet
  api=0 type=0 insize=797 outsize=2249 kw=SHADOWS_DEPTH pd= ok=1
Cmd: compileSnippet
  api=0 type=1 insize=797 outsize=6 kw=SHADOWS_DEPTH pd= ok=1
Cmd: compileSnippet
  api=0 type=0 insize=6976 outsize=2359 kw=DIRECTIONAL SHADOWS_OFF LIGHTMAP_OFF DIRLIGHTMAP_OFF DYNAMICLIGHTMAP_OFF pd= ok=1
Cmd: compileSnippet
  api=0 type=1 insize=6976 outsize=6 kw=DIRECTIONAL SHADOWS_OFF LIGHTMAP_OFF DIRLIGHTMAP_OFF DYNAMICLIGHTMAP_OFF pd= ok=1
Cmd: compileSnippet
  api=0 type=0 insize=3734 outsize=1548 kw=DIRECTIONAL pd= ok=1
Cmd: compileSnippet
  api=0 type=1 insize=3734 outsize=6 kw=DIRECTIONAL pd= ok=1
Cmd: compileSnippet
  api=0 type=0 insize=7806 outsize=4100 kw=DIRECTIONAL SHADOWS_OFF LIGHTMAP_OFF DIRLIGHTMAP_OFF DYNAMICLIGHTMAP_OFF pd= ok=1
Cmd: compileSnippet
  api=0 type=1 insize=7806 outsize=6 kw=DIRECTIONAL SHADOWS_OFF LIGHTMAP_OFF DIRLIGHTMAP_OFF DYNAMICLIGHTMAP_OFF pd= ok=1
Cmd: compileSnippet
  api=0 type=0 insize=5024 outsize=2911 kw=DIRECTIONAL pd= ok=1
Cmd: compileSnippet
  api=0 type=1 insize=5024 outsize=6 kw=DIRECTIONAL pd= ok=1
Cmd: compileSnippet
  api=0 type=0 insize=1705 outsize=541 kw=SOFTPARTICLES_OFF pd= ok=1
Cmd: compileSnippet
  api=0 type=1 insize=1705 outsize=6 kw=SOFTPARTICLES_OFF pd= ok=1
Cmd: compileSnippet
  api=0 type=0 insize=7410 outsize=2919 kw=DIRECTIONAL SHADOWS_OFF LIGHTMAP_OFF DIRLIGHTMAP_OFF DYNAMICLIGHTMAP_OFF pd= ok=1
Cmd: compileSnippet
  api=0 type=1 insize=7410 outsize=6 kw=DIRECTIONAL SHADOWS_OFF LIGHTMAP_OFF DIRLIGHTMAP_OFF DYNAMICLIGHTMAP_OFF pd= ok=1
Cmd: compileSnippet
  api=0 type=0 insize=3982 outsize=1880 kw=DIRECTIONAL pd= ok=1
Cmd: compileSnippet
  api=0 type=1 insize=3982 outsize=6 kw=DIRECTIONAL pd= ok=1
Cmd: compileSnippet
  api=0 type=0 insize=975 outsize=669 kw= pd= ok=1
Cmd: compileSnippet
  api=0 type=1 insize=975 outsize=6 kw= pd= ok=1
Cmd: compileSnippet
  api=0 type=0 insize=751 outsize=2382 kw=SHADOWS_DEPTH _ALPHAPREMULTIPLY_ON pd= ok=1
Cmd: compileSnippet
  api=0 type=1 insize=751 outsize=6 kw=SHADOWS_DEPTH _ALPHAPREMULTIPLY_ON pd= ok=1
Cmd: compileSnippet
  api=0 type=0 insize=982 outsize=10360 kw=DIRECTIONAL SHADOWS_OFF LIGHTMAP_OFF DIRLIGHTMAP_OFF DYNAMICLIGHTMAP_OFF _ALPHAPREMULTIPLY_ON pd= ok=1
Cmd: compileSnippet
  api=0 type=1 insize=982 outsize=6 kw=DIRECTIONAL SHADOWS_OFF LIGHTMAP_OFF DIRLIGHTMAP_OFF DYNAMICLIGHTMAP_OFF _ALPHAPREMULTIPLY_ON pd= ok=1
Cmd: compileSnippet
  api=0 type=0 insize=938 outsize=5981 kw=DIRECTIONAL SHADOWS_OFF _ALPHAPREMULTIPLY_ON pd= ok=1
Cmd: compileSnippet
  api=0 type=1 insize=938 outsize=6 kw=DIRECTIONAL SHADOWS_OFF _ALPHAPREMULTIPLY_ON pd= ok=1
